TN:
SF:assets\js\admin.js
FN:28,formatoKeyDoc
FN:35,actualizarNavDoc
FN:45,window.cambiarDiaDoc
FN:54,window.switchTab
FN:62,window.cargarCitas
FN:69,anonymous_5
FN:70,anonymous_6
FN:71,anonymous_7
FN:72,anonymous_8
FN:87,anonymous_9
FN:110,nombreDeCita
FN:111,anonymous_11
FN:113,window.marcarAtendida
FN:129,window.liberarHorario
FN:135,window.cambiarEstado
FN:141,window.verExpedienteDesde
FN:149,window.cargarPendientes
FN:163,anonymous_17
FN:181,window.accionPendiente
FN:194,window.cargarExpedientes
FN:200,renderExpedientes
FN:207,anonymous_21
FN:223,window.filtrarExpedientes
FN:225,anonymous_23
FN:231,window.abrirExpedientePorId
FN:236,window.abrirExpediente
FN:247,renderPacHeader
FN:264,cargarHistorial
FN:272,anonymous_28
FN:275,renderVisita
FN:276,anonymous_30
FN:277,anonymous_31
FN:288,anonymous_32
FN:289,anonymous_33
FN:296,window.toggleVisita
FN:304,window.volverExpedientes
FN:310,window.abrirModalNuevaVisita
FN:312,abrirModalDiagnostico
FN:319,anonymous_38
FN:323,anonymous_39
FN:328,window.cerrarModal
FN:333,window.toggleTrat
FN:341,window.guardarDiagnostico
FN:349,anonymous_43
FNDA:12,formatoKeyDoc
FNDA:12,actualizarNavDoc
FNDA:0,window.cambiarDiaDoc
FNDA:0,window.switchTab
FNDA:12,window.cargarCitas
FNDA:43,anonymous_5
FNDA:43,anonymous_6
FNDA:43,anonymous_7
FNDA:43,anonymous_8
FNDA:43,anonymous_9
FNDA:1,nombreDeCita
FNDA:5,anonymous_11
FNDA:2,window.marcarAtendida
FNDA:1,window.liberarHorario
FNDA:1,window.cambiarEstado
FNDA:0,window.verExpedienteDesde
FNDA:7,window.cargarPendientes
FNDA:7,anonymous_17
FNDA:2,window.accionPendiente
FNDA:1,window.cargarExpedientes
FNDA:5,renderExpedientes
FNDA:6,anonymous_21
FNDA:4,window.filtrarExpedientes
FNDA:6,anonymous_23
FNDA:0,window.abrirExpedientePorId
FNDA:1,window.abrirExpediente
FNDA:1,renderPacHeader
FNDA:1,cargarHistorial
FNDA:2,anonymous_28
FNDA:2,renderVisita
FNDA:0,anonymous_30
FNDA:2,anonymous_31
FNDA:0,anonymous_32
FNDA:2,anonymous_33
FNDA:0,window.toggleVisita
FNDA:0,window.volverExpedientes
FNDA:0,window.abrirModalNuevaVisita
FNDA:1,abrirModalDiagnostico
FNDA:5,anonymous_38
FNDA:0,anonymous_39
FNDA:0,window.cerrarModal
FNDA:0,window.toggleTrat
FNDA:4,window.guardarDiagnostico
FNDA:0,anonymous_43
FNF:44
FNH:31
BRDA:1,0,0,1
BRDA:24,1,0,0
BRDA:28,2,0,12
BRDA:35,3,0,12
BRDA:42,4,0,0
BRDA:62,5,0,12
BRDA:80,6,0,1
BRDA:80,7,0,11
BRDA:82,8,0,1
BRDA:85,9,0,11
BRDA:69,10,0,43
BRDA:70,11,0,43
BRDA:71,12,0,43
BRDA:72,13,0,43
BRDA:87,14,0,43
BRDA:92,15,0,0
BRDA:92,16,0,0
BRDA:93,17,0,36
BRDA:93,18,0,16
BRDA:96,19,0,27
BRDA:97,20,0,8
BRDA:97,21,0,35
BRDA:98,22,0,1
BRDA:101,23,0,42
BRDA:103,24,0,6
BRDA:103,25,0,37
BRDA:110,26,0,1
BRDA:111,27,0,0
BRDA:111,28,0,5
BRDA:113,29,0,2
BRDA:116,30,0,1
BRDA:129,31,0,1
BRDA:135,32,0,1
BRDA:149,33,0,7
BRDA:155,34,0,3
BRDA:156,35,0,4
BRDA:156,36,0,3
BRDA:158,37,0,3
BRDA:161,38,0,4
BRDA:163,39,0,7
BRDA:168,40,0,0
BRDA:168,41,0,0
BRDA:169,42,0,0
BRDA:181,43,0,2
BRDA:183,44,0,1
BRDA:183,45,0,1
BRDA:194,46,0,1
BRDA:196,47,0,0
BRDA:200,48,0,5
BRDA:202,49,0,0
BRDA:203,50,0,1
BRDA:206,51,0,4
BRDA:207,52,0,6
BRDA:213,53,0,0
BRDA:216,54,0,0
BRDA:223,55,0,4
BRDA:224,56,0,1
BRDA:225,57,0,3
BRDA:225,58,0,1
BRDA:225,59,0,6
BRDA:225,60,0,5
BRDA:225,61,0,0
BRDA:236,62,0,1
BRDA:247,63,0,1
BRDA:249,64,0,0
BRDA:255,65,0,0
BRDA:255,66,0,0
BRDA:259,67,0,0
BRDA:260,68,0,0
BRDA:264,69,0,1
BRDA:268,70,0,0
BRDA:272,71,0,2
BRDA:275,72,0,2
BRDA:276,73,0,0
BRDA:277,74,0,0
BRDA:281,75,0,0
BRDA:282,76,0,0
BRDA:284,77,0,1
BRDA:284,78,0,1
BRDA:286,79,0,1
BRDA:286,80,0,1
BRDA:287,81,0,0
BRDA:288,82,0,0
BRDA:289,83,0,0
BRDA:290,84,0,0
BRDA:291,85,0,0
BRDA:277,86,0,2
BRDA:289,87,0,2
BRDA:312,88,0,1
BRDA:313,89,0,0
BRDA:319,90,0,5
BRDA:341,91,0,4
BRDA:342,92,0,0
BRDA:345,93,0,1
BRDA:348,94,0,3
BRDA:351,95,0,0
BRDA:351,96,0,3
BRDA:381,97,0,2
BRDA:392,98,0,3
BRDA:406,99,0,0
BRDA:415,100,0,0
BRDA:419,101,0,0
BRDA:422,102,0,3
BRF:103
BRH:69
DA:1,1
DA:2,1
DA:3,1
DA:4,1
DA:5,1
DA:6,1
DA:7,1
DA:8,1
DA:9,1
DA:10,1
DA:11,1
DA:12,1
DA:13,1
DA:14,1
DA:15,1
DA:16,1
DA:17,1
DA:18,1
DA:19,1
DA:20,1
DA:21,1
DA:22,1
DA:23,1
DA:24,1
DA:25,0
DA:26,0
DA:27,1
DA:28,12
DA:29,12
DA:30,12
DA:31,12
DA:32,12
DA:33,12
DA:34,1
DA:35,12
DA:36,12
DA:37,12
DA:38,12
DA:39,12
DA:40,12
DA:41,12
DA:42,12
DA:43,12
DA:44,1
DA:45,1
DA:46,0
DA:47,0
DA:48,0
DA:49,0
DA:50,0
DA:51,0
DA:52,1
DA:53,1
DA:54,1
DA:55,0
DA:56,0
DA:57,0
DA:58,0
DA:59,0
DA:60,1
DA:61,1
DA:62,1
DA:63,12
DA:64,12
DA:65,12
DA:66,12
DA:67,12
DA:68,12
DA:69,12
DA:70,12
DA:71,12
DA:72,12
DA:73,12
DA:74,12
DA:75,12
DA:76,12
DA:77,12
DA:78,12
DA:79,12
DA:80,12
DA:81,12
DA:82,12
DA:83,1
DA:84,1
DA:85,1
DA:86,11
DA:87,11
DA:88,43
DA:89,43
DA:90,43
DA:91,43
DA:92,43
DA:93,43
DA:94,16
DA:95,16
DA:96,43
DA:97,43
DA:98,43
DA:99,1
DA:100,1
DA:101,43
DA:102,43
DA:103,43
DA:104,11
DA:105,11
DA:106,1
DA:107,1
DA:108,1
DA:109,1
DA:110,1
DA:111,1
DA:112,1
DA:113,1
DA:114,2
DA:115,2
DA:116,2
DA:117,1
DA:118,1
DA:119,1
DA:120,2
DA:121,2
DA:122,1
DA:123,1
DA:124,1
DA:125,1
DA:126,1
DA:127,1
DA:128,1
DA:129,1
DA:130,1
DA:131,1
DA:132,1
DA:133,1
DA:134,1
DA:135,1
DA:136,1
DA:137,1
DA:138,1
DA:139,1
DA:140,1
DA:141,1
DA:142,0
DA:143,0
DA:144,0
DA:145,0
DA:146,0
DA:147,1
DA:148,1
DA:149,1
DA:150,7
DA:151,7
DA:152,7
DA:153,7
DA:154,7
DA:155,7
DA:156,7
DA:157,7
DA:158,7
DA:159,3
DA:160,3
DA:161,3
DA:162,4
DA:163,4
DA:164,7
DA:165,7
DA:166,7
DA:167,7
DA:168,7
DA:169,7
DA:170,7
DA:171,7
DA:172,7
DA:173,7
DA:174,7
DA:175,7
DA:176,7
DA:177,4
DA:178,4
DA:179,1
DA:180,1
DA:181,1
DA:182,2
DA:183,2
DA:184,2
DA:185,2
DA:186,1
DA:187,1
DA:188,1
DA:189,1
DA:190,1
DA:191,1
DA:192,1
DA:193,1
DA:194,1
DA:195,1
DA:196,1
DA:197,1
DA:198,1
DA:199,1
DA:200,5
DA:201,5
DA:202,5
DA:203,5
DA:204,1
DA:205,1
DA:206,1
DA:207,4
DA:208,6
DA:209,6
DA:210,6
DA:211,6
DA:212,6
DA:213,6
DA:214,6
DA:215,6
DA:216,6
DA:217,6
DA:218,6
DA:219,6
DA:220,4
DA:221,5
DA:222,1
DA:223,1
DA:224,4
DA:225,4
DA:226,4
DA:227,1
DA:228,1
DA:229,1
DA:230,1
DA:231,1
DA:232,0
DA:233,0
DA:234,1
DA:235,1
DA:236,1
DA:237,1
DA:238,1
DA:239,1
DA:240,1
DA:241,1
DA:242,1
DA:243,1
DA:244,1
DA:245,1
DA:246,1
DA:247,1
DA:248,1
DA:249,1
DA:250,1
DA:251,1
DA:252,1
DA:253,1
DA:254,1
DA:255,1
DA:256,1
DA:257,1
DA:258,1
DA:259,1
DA:260,1
DA:261,1
DA:262,1
DA:263,1
DA:264,1
DA:265,1
DA:266,1
DA:267,1
DA:268,1
DA:269,0
DA:270,0
DA:271,0
DA:272,1
DA:273,1
DA:274,1
DA:275,2
DA:276,2
DA:277,2
DA:278,2
DA:279,2
DA:280,2
DA:281,2
DA:282,2
DA:283,2
DA:284,2
DA:285,2
DA:286,2
DA:287,2
DA:288,2
DA:289,2
DA:290,2
DA:291,2
DA:292,2
DA:293,2
DA:294,2
DA:295,1
DA:296,1
DA:297,0
DA:298,0
DA:299,0
DA:300,0
DA:301,0
DA:302,1
DA:303,1
DA:304,1
DA:305,0
DA:306,0
DA:307,0
DA:308,1
DA:309,1
DA:310,1
DA:311,1
DA:312,1
DA:313,1
DA:314,1
DA:315,1
DA:316,1
DA:317,1
DA:318,1
DA:319,1
DA:320,5
DA:321,5
DA:322,1
DA:323,1
DA:324,1
DA:325,1
DA:326,1
DA:327,1
DA:328,1
DA:329,0
DA:330,0
DA:331,1
DA:332,1
DA:333,1
DA:334,0
DA:335,1
DA:336,1
DA:337,1
DA:338,1
DA:339,1
DA:340,1
DA:341,1
DA:342,4
DA:343,4
DA:344,4
DA:345,4
DA:346,1
DA:347,1
DA:348,1
DA:349,3
DA:350,3
DA:351,4
DA:352,3
DA:353,3
DA:354,3
DA:355,3
DA:356,3
DA:357,3
DA:358,3
DA:359,3
DA:360,3
DA:361,3
DA:362,3
DA:363,3
DA:364,3
DA:365,3
DA:366,3
DA:367,3
DA:368,3
DA:369,3
DA:370,3
DA:371,3
DA:372,3
DA:373,3
DA:374,3
DA:375,3
DA:376,3
DA:377,3
DA:378,3
DA:379,4
DA:380,4
DA:381,4
DA:382,2
DA:383,2
DA:384,2
DA:385,2
DA:386,2
DA:387,2
DA:388,2
DA:389,2
DA:390,2
DA:391,2
DA:392,2
DA:393,3
DA:394,3
DA:395,3
DA:396,3
DA:397,3
DA:398,3
DA:399,3
DA:400,3
DA:401,3
DA:402,3
DA:403,3
DA:404,3
DA:405,3
DA:406,3
DA:407,3
DA:408,3
DA:409,3
DA:410,3
DA:411,3
DA:412,3
DA:413,3
DA:414,3
DA:415,3
DA:416,0
DA:417,0
DA:418,0
DA:419,4
DA:420,0
DA:421,0
DA:422,4
DA:423,3
DA:424,3
DA:425,3
DA:426,3
DA:427,3
DA:428,3
DA:429,1
DA:430,1
DA:431,1
DA:432,1
DA:433,1
DA:434,1
LH:395
LF:434
end_of_record
SF:assets\js\app.js
FNF:0
FNH:0
BRDA:1,0,0,6
BRF:1
BRH:1
DA:1,6
DA:2,6
DA:3,6
DA:4,6
DA:5,6
DA:6,6
DA:7,6
DA:8,6
DA:9,6
DA:10,6
DA:11,6
DA:12,6
DA:13,6
DA:14,6
DA:15,6
DA:16,6
DA:17,6
DA:18,6
DA:19,6
DA:20,6
LH:20
LF:20
end_of_record
SF:assets\js\modules\api.js
FN:12,enPortal
FN:14,baseTablas
FN:16,cabeceras
FN:26,sbRpc
FN:42,anonymous_4
FN:56,sbGet
FN:75,anonymous_6
FN:96,sbPost
FN:103,anonymous_8
FN:113,sbUpsert
FN:126,sbPatch
FN:136,authLogin
FNDA:77,enPortal
FNDA:38,baseTablas
FNDA:38,cabeceras
FNDA:72,sbRpc
FNDA:0,anonymous_4
FNDA:30,sbGet
FNDA:1,anonymous_6
FNDA:2,sbPost
FNDA:0,anonymous_8
FNDA:0,sbUpsert
FNDA:9,sbPatch
FNDA:3,authLogin
FNF:12
FNH:9
BRDA:1,0,0,8
BRDA:12,1,0,77
BRDA:14,2,0,38
BRDA:14,3,0,0
BRDA:16,4,0,38
BRDA:19,5,0,0
BRDA:26,6,0,72
BRDA:30,7,0,0
BRDA:39,8,0,0
BRDA:43,9,0,0
BRDA:43,10,0,0
BRDA:56,11,0,30
BRDA:60,12,0,23
BRDA:62,13,0,3
BRDA:63,14,0,27
BRDA:67,15,0,20
BRDA:67,16,0,7
BRDA:68,17,0,27
BRDA:79,18,0,1
BRDA:79,19,0,1
BRDA:82,20,0,26
BRDA:84,21,0,25
BRDA:84,22,0,1
BRDA:87,23,0,25
BRDA:89,24,0,18
BRDA:89,25,0,25
BRDA:75,26,0,1
BRDA:96,27,0,2
BRDA:126,28,0,9
BRDA:136,29,0,3
BRF:30
BRH:24
DA:1,8
DA:2,8
DA:3,8
DA:4,8
DA:5,8
DA:6,8
DA:7,8
DA:8,8
DA:9,8
DA:10,8
DA:11,8
DA:12,8
DA:13,8
DA:14,8
DA:15,8
DA:16,38
DA:17,38
DA:18,38
DA:19,38
DA:20,0
DA:21,38
DA:22,8
DA:23,8
DA:24,8
DA:25,8
DA:26,8
DA:27,72
DA:28,72
DA:29,72
DA:30,72
DA:31,0
DA:32,0
DA:33,0
DA:34,72
DA:35,72
DA:36,72
DA:37,72
DA:38,72
DA:39,72
DA:40,72
DA:41,72
DA:42,72
DA:43,72
DA:44,72
DA:45,72
DA:46,8
DA:47,8
DA:48,8
DA:49,8
DA:50,8
DA:51,8
DA:52,8
DA:53,8
DA:54,8
DA:55,8
DA:56,8
DA:57,30
DA:58,30
DA:59,30
DA:60,30
DA:61,23
DA:62,23
DA:63,23
DA:64,27
DA:65,27
DA:66,27
DA:67,30
DA:68,30
DA:69,27
DA:70,27
DA:71,27
DA:72,27
DA:73,27
DA:74,27
DA:75,27
DA:76,27
DA:77,27
DA:78,27
DA:79,30
DA:80,1
DA:81,1
DA:82,1
DA:83,26
DA:84,30
DA:85,1
DA:86,1
DA:87,1
DA:88,25
DA:89,30
DA:90,25
DA:91,30
DA:92,8
DA:93,8
DA:94,8
DA:95,8
DA:96,8
DA:97,2
DA:98,2
DA:99,2
DA:100,2
DA:101,2
DA:102,2
DA:103,2
DA:104,2
DA:105,8
DA:106,8
DA:107,8
DA:108,8
DA:109,8
DA:110,8
DA:111,8
DA:112,8
DA:113,8
DA:114,0
DA:115,0
DA:116,0
DA:117,0
DA:118,0
DA:119,0
DA:120,0
DA:121,0
DA:122,0
DA:123,0
DA:124,0
DA:125,8
DA:126,8
DA:127,9
DA:128,9
DA:129,9
DA:130,9
DA:131,9
DA:132,9
DA:133,9
DA:134,9
DA:135,8
DA:136,8
DA:137,3
DA:138,3
DA:139,3
DA:140,3
DA:141,3
DA:142,3
DA:143,3
DA:144,3
LH:129
LF:144
end_of_record
SF:assets\js\modules\auth.js
FN:7,setRole
FN:15,loginDoctora
FN:53,loginPaciente
FN:105,consultarEstado
FN:179,cancelarCita
FN:220,cancelarAgendamiento
FN:229,cancelarCitaAgendada
FN:273,logout
FN:8,anonymous_8
FN:151,anonymous_9
FN:247,restaurar
FN:279,anonymous_11
FNDA:2,setRole
FNDA:5,loginDoctora
FNDA:19,loginPaciente
FNDA:9,consultarEstado
FNDA:1,cancelarCita
FNDA:1,cancelarAgendamiento
FNDA:1,cancelarCitaAgendada
FNDA:2,logout
FNDA:0,anonymous_8
FNDA:4,anonymous_9
FNDA:1,restaurar
FNDA:8,anonymous_11
FNF:12
FNH:11
BRDA:1,0,0,6
BRDA:7,1,0,2
BRDA:15,2,0,5
BRDA:18,3,0,1
BRDA:21,4,0,4
BRDA:22,5,0,1
BRDA:25,6,0,3
BRDA:32,7,0,1
BRDA:37,8,0,2
BRDA:42,9,0,1
BRDA:53,10,0,19
BRDA:59,11,0,5
BRDA:59,12,0,4
BRDA:59,13,0,3
BRDA:59,14,0,5
BRDA:62,15,0,2
BRDA:88,16,0,2
BRDA:83,17,0,0
BRDA:105,18,0,9
BRDA:107,19,0,1
BRDA:128,20,0,1
BRDA:107,21,0,1
BRDA:110,22,0,4
BRDA:121,23,0,0
BRDA:123,24,0,0
BRDA:128,25,0,4
BRDA:130,26,0,2
BRDA:179,27,0,1
BRDA:181,28,0,0
BRDA:200,29,0,0
BRDA:204,30,0,0
BRDA:206,31,0,0
BRDA:220,32,0,1
BRDA:229,33,0,1
BRDA:230,34,0,0
BRDA:256,35,0,0
BRDA:262,36,0,0
BRDA:265,37,0,0
BRDA:266,38,0,0
BRDA:273,39,0,2
BRDA:151,40,0,4
BRDA:155,41,0,1
BRDA:166,42,0,1
BRDA:166,43,0,1
BRDA:152,44,0,0
BRDA:162,45,0,0
BRDA:164,46,0,0
BRDA:247,47,0,1
BRDA:279,48,0,8
BRF:49
BRH:34
DA:1,6
DA:2,6
DA:3,6
DA:4,6
DA:5,6
DA:6,6
DA:7,6
DA:8,2
DA:9,2
DA:10,2
DA:11,2
DA:12,2
DA:13,2
DA:14,6
DA:15,6
DA:16,5
DA:17,5
DA:18,5
DA:19,1
DA:20,1
DA:21,1
DA:22,5
DA:23,1
DA:24,1
DA:25,1
DA:26,3
DA:27,3
DA:28,3
DA:29,3
DA:30,3
DA:31,3
DA:32,5
DA:33,1
DA:34,1
DA:35,1
DA:36,1
DA:37,1
DA:38,2
DA:39,2
DA:40,2
DA:41,2
DA:42,5
DA:43,1
DA:44,1
DA:45,1
DA:46,1
DA:47,1
DA:48,1
DA:49,1
DA:50,1
DA:51,5
DA:52,6
DA:53,6
DA:54,19
DA:55,19
DA:56,19
DA:57,19
DA:58,19
DA:59,19
DA:60,5
DA:61,5
DA:62,5
DA:63,2
DA:64,2
DA:65,2
DA:66,2
DA:67,2
DA:68,2
DA:69,2
DA:70,2
DA:71,2
DA:72,2
DA:73,2
DA:74,2
DA:75,2
DA:76,2
DA:77,2
DA:78,2
DA:79,2
DA:80,2
DA:81,2
DA:82,2
DA:83,19
DA:84,0
DA:85,0
DA:86,0
DA:87,0
DA:88,0
DA:89,2
DA:90,2
DA:91,2
DA:92,2
DA:93,2
DA:94,2
DA:95,2
DA:96,2
DA:97,2
DA:98,2
DA:99,2
DA:100,2
DA:101,2
DA:102,2
DA:103,19
DA:104,6
DA:105,6
DA:106,9
DA:107,9
DA:108,1
DA:109,1
DA:110,1
DA:111,4
DA:112,4
DA:113,4
DA:114,4
DA:115,4
DA:116,4
DA:117,4
DA:118,4
DA:119,4
DA:120,4
DA:121,9
DA:122,9
DA:123,9
DA:124,0
DA:125,0
DA:126,0
DA:127,0
DA:128,0
DA:129,4
DA:130,1
DA:131,2
DA:132,2
DA:133,2
DA:134,2
DA:135,2
DA:136,2
DA:137,2
DA:138,2
DA:139,2
DA:140,2
DA:141,2
DA:142,2
DA:143,2
DA:144,2
DA:145,2
DA:146,2
DA:147,2
DA:148,2
DA:149,2
DA:150,2
DA:151,2
DA:152,4
DA:153,4
DA:154,4
DA:155,4
DA:156,4
DA:157,4
DA:158,4
DA:159,4
DA:160,4
DA:161,4
DA:162,4
DA:163,4
DA:164,4
DA:165,4
DA:166,4
DA:167,4
DA:168,2
DA:169,2
DA:170,2
DA:171,2
DA:172,9
DA:173,6
DA:174,6
DA:175,6
DA:176,6
DA:177,6
DA:178,6
DA:179,6
DA:180,1
DA:181,1
DA:182,1
DA:183,1
DA:184,1
DA:185,1
DA:186,1
DA:187,1
DA:188,1
DA:189,1
DA:190,1
DA:191,1
DA:192,1
DA:193,1
DA:194,1
DA:195,1
DA:196,1
DA:197,1
DA:198,1
DA:199,1
DA:200,1
DA:201,1
DA:202,1
DA:203,1
DA:204,1
DA:205,0
DA:206,1
DA:207,0
DA:208,0
DA:209,0
DA:210,0
DA:211,0
DA:212,0
DA:213,0
DA:214,1
DA:215,6
DA:216,6
DA:217,6
DA:218,6
DA:219,6
DA:220,6
DA:221,1
DA:222,1
DA:223,1
DA:224,1
DA:225,6
DA:226,6
DA:227,6
DA:228,6
DA:229,6
DA:230,1
DA:231,0
DA:232,0
DA:233,0
DA:234,1
DA:235,1
DA:236,1
DA:237,1
DA:238,1
DA:239,1
DA:240,1
DA:241,1
DA:242,1
DA:243,1
DA:244,1
DA:245,1
DA:246,1
DA:247,1
DA:248,1
DA:249,1
DA:250,1
DA:251,1
DA:252,1
DA:253,1
DA:254,1
DA:255,1
DA:256,1
DA:257,1
DA:258,1
DA:259,1
DA:260,1
DA:261,1
DA:262,1
DA:263,0
DA:264,0
DA:265,1
DA:266,1
DA:267,1
DA:268,1
DA:269,6
DA:270,6
DA:271,6
DA:272,6
DA:273,6
DA:274,2
DA:275,2
DA:276,2
DA:277,2
DA:278,2
DA:279,2
DA:280,8
DA:281,8
DA:282,2
DA:283,2
DA:284,2
DA:285,2
DA:286,2
DA:287,6
DA:288,6
DA:289,6
DA:290,6
DA:291,6
DA:292,6
DA:293,6
DA:294,6
DA:295,6
DA:296,6
LH:273
LF:296
end_of_record
SF:assets\js\modules\cache.js
FN:23,clave
FN:29,leer
FN:44,guardar
FN:50,invalidar
FN:53,anonymous_4
FN:60,limpiar
FN:66,estado
FNDA:105,clave
FNDA:45,leer
FNDA:37,guardar
FNDA:26,invalidar
FNDA:30,anonymous_4
FNDA:17,limpiar
FNDA:2,estado
FNF:7
FNH:7
BRDA:1,0,0,9
BRDA:23,1,0,105
BRDA:29,2,0,45
BRDA:31,3,0,30
BRDA:34,4,0,15
BRDA:39,5,0,13
BRDA:35,6,0,2
BRDA:44,7,0,37
BRDA:50,8,0,16
BRDA:52,9,0,26
BRDA:53,10,0,17
BRDA:51,11,0,1
BRDA:53,12,0,30
BRDA:60,13,0,17
BRDA:66,14,0,2
BRDA:71,15,0,0
BRF:16
BRH:15
DA:1,9
DA:2,9
DA:3,9
DA:4,9
DA:5,9
DA:6,9
DA:7,9
DA:8,9
DA:9,9
DA:10,9
DA:11,9
DA:12,9
DA:13,9
DA:14,9
DA:15,9
DA:16,9
DA:17,9
DA:18,9
DA:19,9
DA:20,9
DA:21,9
DA:22,9
DA:23,9
DA:24,105
DA:25,105
DA:26,9
DA:27,9
DA:28,9
DA:29,9
DA:30,45
DA:31,45
DA:32,30
DA:33,30
DA:34,30
DA:35,45
DA:36,2
DA:37,2
DA:38,2
DA:39,2
DA:40,13
DA:41,13
DA:42,45
DA:43,9
DA:44,9
DA:45,37
DA:46,37
DA:47,9
DA:48,9
DA:49,9
DA:50,9
DA:51,16
DA:52,16
DA:53,26
DA:54,17
DA:55,17
DA:56,17
DA:57,26
DA:58,16
DA:59,9
DA:60,9
DA:61,17
DA:62,17
DA:63,9
DA:64,9
DA:65,9
DA:66,9
DA:67,2
DA:68,2
DA:69,2
DA:70,2
DA:71,2
DA:72,2
DA:73,2
LH:73
LF:73
end_of_record
SF:assets\js\modules\config.js
FNF:0
FNH:0
BRDA:1,0,0,8
BRF:1
BRH:1
DA:1,8
DA:2,8
DA:3,8
DA:4,8
DA:5,8
DA:6,8
DA:7,8
DA:8,8
DA:9,8
LH:9
LF:9
end_of_record
SF:assets\js\modules\patient.js
FN:17,setPacienteData
FN:21,resetSeleccion
FN:26,setPaso
FN:35,obtenerDiasSemana
FN:52,formatoFechaKey
FN:59,formatoFechaLabel
FN:63,esPasado
FN:69,renderDias
FN:96,selDia
FN:104,cambiarSemana
FN:131,cargarSlotsDia
FN:187,selSlot
FN:194,irPaso1
FN:200,irPaso2
FN:214,irPaso3
FN:229,enviarSolicitud
FN:291,nuevaCita
FN:27,anonymous_17
FN:74,anonymous_18
FN:152,anonymous_19
FN:158,anonymous_20
FN:245,mostrarConfirmacion
FNDA:16,setPacienteData
FNDA:22,resetSeleccion
FNDA:27,setPaso
FNDA:240,obtenerDiasSemana
FNDA:234,formatoFechaKey
FNDA:206,formatoFechaLabel
FNDA:208,esPasado
FNDA:41,renderDias
FNDA:22,selDia
FNDA:5,cambiarSemana
FNDA:29,cargarSlotsDia
FNDA:15,selSlot
FNDA:1,irPaso1
FNDA:2,irPaso2
FNDA:2,irPaso3
FNDA:11,enviarSolicitud
FNDA:0,nuevaCita
FNDA:108,anonymous_17
FNDA:205,anonymous_18
FNDA:27,anonymous_19
FNDA:234,anonymous_20
FNDA:8,mostrarConfirmacion
FNF:22
FNH:21
BRDA:1,0,0,7
BRDA:17,1,0,16
BRDA:18,2,0,0
BRDA:21,3,0,22
BRDA:26,4,0,27
BRDA:35,5,0,48
BRDA:44,6,0,240
BRDA:38,7,0,0
BRDA:52,8,0,234
BRDA:59,9,0,206
BRDA:63,10,0,208
BRDA:69,11,0,41
BRDA:96,12,0,22
BRDA:104,13,0,5
BRDA:105,14,0,1
BRDA:105,15,0,4
BRDA:112,16,0,2
BRDA:122,17,0,4
BRDA:125,18,0,2
BRDA:125,19,0,2
BRDA:125,20,0,0
BRDA:126,21,0,4
BRDA:131,22,0,29
BRDA:149,23,0,2
BRDA:149,24,0,15
BRDA:184,25,0,15
BRDA:152,26,0,0
BRDA:187,27,0,15
BRDA:194,28,0,1
BRDA:200,29,0,2
BRDA:201,30,0,1
BRDA:214,31,0,2
BRDA:215,32,0,1
BRDA:229,33,0,11
BRDA:277,34,0,4
BRDA:277,35,0,5
BRDA:279,36,0,2
BRDA:27,37,0,108
BRDA:74,38,0,205
BRDA:78,39,0,110
BRDA:81,40,0,42
BRDA:81,41,0,163
BRDA:85,42,0,42
BRDA:85,43,0,163
BRDA:88,44,0,39
BRDA:88,45,0,166
BRDA:82,46,0,3
BRDA:82,47,0,26
BRDA:152,48,0,27
BRDA:158,49,0,234
BRDA:172,50,0,207
BRDA:177,51,0,25
BRDA:177,52,0,199
BRDA:178,53,0,11
BRDA:178,54,0,188
BRDA:181,55,0,199
BRDA:181,56,0,35
BRDA:162,57,0,18
BRDA:164,58,0,6
BRDA:165,59,0,4
BRDA:165,60,0,2
BRDA:166,61,0,14
BRDA:176,62,0,10
BRDA:176,63,0,89
BRDA:245,64,0,8
BRF:65
BRH:61
DA:1,7
DA:2,7
DA:3,7
DA:4,7
DA:5,7
DA:6,7
DA:7,7
DA:8,7
DA:9,7
DA:10,7
DA:11,7
DA:12,7
DA:13,7
DA:14,7
DA:15,7
DA:16,7
DA:17,7
DA:18,16
DA:19,16
DA:20,7
DA:21,7
DA:22,22
DA:23,22
DA:24,22
DA:25,7
DA:26,7
DA:27,27
DA:28,108
DA:29,108
DA:30,108
DA:31,108
DA:32,27
DA:33,27
DA:34,7
DA:35,7
DA:36,48
DA:37,48
DA:38,48
DA:39,48
DA:40,48
DA:41,48
DA:42,48
DA:43,48
DA:44,48
DA:45,240
DA:46,240
DA:47,240
DA:48,240
DA:49,48
DA:50,48
DA:51,7
DA:52,7
DA:53,234
DA:54,234
DA:55,234
DA:56,234
DA:57,234
DA:58,7
DA:59,7
DA:60,206
DA:61,206
DA:62,7
DA:63,7
DA:64,208
DA:65,208
DA:66,208
DA:67,208
DA:68,7
DA:69,7
DA:70,41
DA:71,41
DA:72,41
DA:73,41
DA:74,41
DA:75,205
DA:76,205
DA:77,205
DA:78,205
DA:79,205
DA:80,205
DA:81,205
DA:82,163
DA:83,26
DA:84,205
DA:85,205
DA:86,205
DA:87,205
DA:88,205
DA:89,205
DA:90,41
DA:91,41
DA:92,41
DA:93,41
DA:94,41
DA:95,7
DA:96,7
DA:97,22
DA:98,22
DA:99,22
DA:100,22
DA:101,22
DA:102,22
DA:103,7
DA:104,7
DA:105,5
DA:106,4
DA:107,4
DA:108,4
DA:109,4
DA:110,4
DA:111,4
DA:112,5
DA:113,2
DA:114,2
DA:115,2
DA:116,2
DA:117,2
DA:118,2
DA:119,2
DA:120,2
DA:121,2
DA:122,2
DA:123,4
DA:124,4
DA:125,4
DA:126,4
DA:127,4
DA:128,4
DA:129,5
DA:130,7
DA:131,7
DA:132,29
DA:133,29
DA:134,29
DA:135,29
DA:136,29
DA:137,29
DA:138,29
DA:139,29
DA:140,29
DA:141,29
DA:142,29
DA:143,29
DA:144,29
DA:145,29
DA:146,29
DA:147,29
DA:148,29
DA:149,29
DA:150,15
DA:151,15
DA:152,29
DA:153,29
DA:154,29
DA:155,29
DA:156,29
DA:157,29
DA:158,29
DA:159,234
DA:160,234
DA:161,234
DA:162,234
DA:163,18
DA:164,18
DA:165,18
DA:166,18
DA:167,18
DA:168,18
DA:169,18
DA:170,18
DA:171,234
DA:172,234
DA:173,234
DA:174,234
DA:175,234
DA:176,234
DA:177,89
DA:178,89
DA:179,89
DA:180,234
DA:181,234
DA:182,29
DA:183,29
DA:184,29
DA:185,29
DA:186,7
DA:187,7
DA:188,15
DA:189,15
DA:190,15
DA:191,15
DA:192,15
DA:193,7
DA:194,7
DA:195,1
DA:196,1
DA:197,1
DA:198,1
DA:199,7
DA:200,7
DA:201,2
DA:202,1
DA:203,1
DA:204,1
DA:205,1
DA:206,1
DA:207,1
DA:208,1
DA:209,1
DA:210,1
DA:211,1
DA:212,2
DA:213,7
DA:214,7
DA:215,2
DA:216,1
DA:217,1
DA:218,1
DA:219,1
DA:220,1
DA:221,1
DA:222,1
DA:223,1
DA:224,1
DA:225,1
DA:226,1
DA:227,2
DA:228,7
DA:229,7
DA:230,11
DA:231,11
DA:232,11
DA:233,11
DA:234,11
DA:235,11
DA:236,11
DA:237,11
DA:238,11
DA:239,11
DA:240,11
DA:241,11
DA:242,11
DA:243,11
DA:244,11
DA:245,11
DA:246,8
DA:247,8
DA:248,8
DA:249,8
DA:250,8
DA:251,8
DA:252,8
DA:253,8
DA:254,8
DA:255,8
DA:256,11
DA:257,11
DA:258,11
DA:259,11
DA:260,11
DA:261,11
DA:262,11
DA:263,11
DA:264,11
DA:265,11
DA:266,11
DA:267,11
DA:268,11
DA:269,11
DA:270,11
DA:271,11
DA:272,11
DA:273,11
DA:274,11
DA:275,11
DA:276,11
DA:277,11
DA:278,5
DA:279,11
DA:280,2
DA:281,2
DA:282,2
DA:283,2
DA:284,2
DA:285,2
DA:286,11
DA:287,11
DA:288,11
DA:289,11
DA:290,7
DA:291,7
DA:292,0
DA:293,0
DA:294,0
DA:295,0
DA:296,0
DA:297,0
DA:298,0
DA:299,7
DA:300,7
DA:301,7
DA:302,7
DA:303,7
DA:304,7
DA:305,7
DA:306,7
DA:307,7
DA:308,7
LH:301
LF:308
end_of_record
SF:assets\js\modules\sesion.js
FN:10,abrirSesion
FN:20,cerrarSesion
FN:29,haySesion
FNDA:2,abrirSesion
FNDA:2,cerrarSesion
FNDA:3,haySesion
FNF:3
FNH:3
BRDA:1,0,0,7
BRDA:10,1,0,2
BRDA:20,2,0,2
BRDA:22,3,0,1
BRDA:29,4,0,3
BRDA:31,5,0,2
BRDA:33,6,0,1
BRF:7
BRH:7
DA:1,7
DA:2,7
DA:3,7
DA:4,7
DA:5,7
DA:6,7
DA:7,7
DA:8,7
DA:9,7
DA:10,7
DA:11,2
DA:12,2
DA:13,2
DA:14,2
DA:15,2
DA:16,2
DA:17,2
DA:18,2
DA:19,7
DA:20,7
DA:21,2
DA:22,2
DA:23,1
DA:24,1
DA:25,1
DA:26,2
DA:27,2
DA:28,7
DA:29,7
DA:30,3
DA:31,3
DA:32,2
DA:33,3
DA:34,1
DA:35,1
DA:36,3
LH:36
LF:36
end_of_record
SF:assets\js\modules\utils.js
FN:1,notif
FN:6,anonymous_1
FN:9,showError
FN:16,hideError
FN:21,showScreen
FN:22,anonymous_5
FN:33,escapar
FN:34,anonymous_7
FN:40,labelEstado
FN:52,iniciales
FN:53,anonymous_10
FN:56,fechaHoy
FN:60,horaAhora
FNDA:15,notif
FNDA:15,anonymous_1
FNDA:14,showError
FNDA:28,hideError
FNDA:22,showScreen
FNDA:0,anonymous_5
FNDA:326,escapar
FNDA:32,anonymous_7
FNDA:52,labelEstado
FNDA:12,iniciales
FNDA:23,anonymous_10
FNDA:4,fechaHoy
FNDA:3,horaAhora
FNF:13
FNH:12
BRDA:1,0,0,8
BRDA:1,1,0,15
BRDA:3,2,0,0
BRDA:6,3,0,15
BRDA:9,4,0,14
BRDA:11,5,0,0
BRDA:16,6,0,28
BRDA:21,7,0,22
BRDA:33,8,0,326
BRDA:34,9,0,0
BRDA:34,10,0,32
BRDA:40,11,0,52
BRDA:49,12,0,2
BRDA:52,13,0,12
BRDA:53,14,0,2
BRDA:53,15,0,23
BRDA:56,16,0,4
BRDA:60,17,0,3
BRF:18
BRH:15
DA:1,8
DA:2,15
DA:3,15
DA:4,15
DA:5,15
DA:6,15
DA:7,15
DA:8,8
DA:9,8
DA:10,14
DA:11,14
DA:12,14
DA:13,14
DA:14,14
DA:15,8
DA:16,8
DA:17,28
DA:18,28
DA:19,28
DA:20,8
DA:21,8
DA:22,22
DA:23,22
DA:24,22
DA:25,22
DA:26,8
DA:27,8
DA:28,8
DA:29,8
DA:30,8
DA:31,8
DA:32,8
DA:33,8
DA:34,326
DA:35,326
DA:36,8
DA:37,8
DA:38,8
DA:39,8
DA:40,8
DA:41,52
DA:42,52
DA:43,52
DA:44,52
DA:45,52
DA:46,52
DA:47,52
DA:48,52
DA:49,52
DA:50,52
DA:51,8
DA:52,8
DA:53,12
DA:54,12
DA:55,8
DA:56,8
DA:57,4
DA:58,4
DA:59,8
DA:60,8
DA:61,3
DA:62,3
LH:62
LF:62
end_of_record
