TN:
SF:assets\js\admin.js
FN:28,formatoKeyDoc
FN:35,actualizarNavDoc
FN:45,window.cambiarDiaDoc
FN:54,window.switchTab
FN:62,window.cargarCitas
FN:69,anonymous_5
FN:70,anonymous_6
FN:71,anonymous_7
FN:85,anonymous_8
FN:104,nombreDeCita
FN:105,anonymous_10
FN:107,window.marcarAtendida
FN:118,window.cambiarEstado
FN:124,window.verExpedienteDesde
FN:132,window.cargarPendientes
FN:146,anonymous_15
FN:164,window.accionPendiente
FN:177,window.cargarExpedientes
FN:183,renderExpedientes
FN:190,anonymous_19
FN:206,window.filtrarExpedientes
FN:208,anonymous_21
FN:214,window.abrirExpedientePorId
FN:219,window.abrirExpediente
FN:230,renderPacHeader
FN:247,cargarHistorial
FN:255,anonymous_26
FN:258,renderVisita
FN:259,anonymous_28
FN:260,anonymous_29
FN:271,anonymous_30
FN:272,anonymous_31
FN:279,window.toggleVisita
FN:287,window.volverExpedientes
FN:293,window.abrirModalNuevaVisita
FN:295,abrirModalDiagnostico
FN:302,anonymous_36
FN:306,anonymous_37
FN:311,window.cerrarModal
FN:316,window.toggleTrat
FN:324,window.guardarDiagnostico
FN:332,anonymous_41
FNDA:9,formatoKeyDoc
FNDA:9,actualizarNavDoc
FNDA:0,window.cambiarDiaDoc
FNDA:0,window.switchTab
FNDA:9,window.cargarCitas
FNDA:32,anonymous_5
FNDA:32,anonymous_6
FNDA:32,anonymous_7
FNDA:32,anonymous_8
FNDA:1,nombreDeCita
FNDA:4,anonymous_10
FNDA:2,window.marcarAtendida
FNDA:1,window.cambiarEstado
FNDA:0,window.verExpedienteDesde
FNDA:6,window.cargarPendientes
FNDA:7,anonymous_15
FNDA:2,window.accionPendiente
FNDA:1,window.cargarExpedientes
FNDA:5,renderExpedientes
FNDA:6,anonymous_19
FNDA:4,window.filtrarExpedientes
FNDA:6,anonymous_21
FNDA:0,window.abrirExpedientePorId
FNDA:1,window.abrirExpediente
FNDA:1,renderPacHeader
FNDA:1,cargarHistorial
FNDA:2,anonymous_26
FNDA:2,renderVisita
FNDA:0,anonymous_28
FNDA:2,anonymous_29
FNDA:0,anonymous_30
FNDA:2,anonymous_31
FNDA:0,window.toggleVisita
FNDA:0,window.volverExpedientes
FNDA:0,window.abrirModalNuevaVisita
FNDA:1,abrirModalDiagnostico
FNDA:5,anonymous_36
FNDA:0,anonymous_37
FNDA:0,window.cerrarModal
FNDA:0,window.toggleTrat
FNDA:4,window.guardarDiagnostico
FNDA:0,anonymous_41
FNF:42
FNH:29
BRDA:1,0,0,1
BRDA:24,1,0,0
BRDA:28,2,0,9
BRDA:35,3,0,9
BRDA:42,4,0,0
BRDA:62,5,0,9
BRDA:80,6,0,0
BRDA:69,7,0,32
BRDA:70,8,0,32
BRDA:71,9,0,32
BRDA:85,10,0,32
BRDA:90,11,0,0
BRDA:90,12,0,0
BRDA:91,13,0,25
BRDA:91,14,0,16
BRDA:94,15,0,16
BRDA:95,16,0,6
BRDA:95,17,0,26
BRDA:97,18,0,4
BRDA:97,19,0,28
BRDA:104,20,0,1
BRDA:105,21,0,0
BRDA:105,22,0,4
BRDA:107,23,0,2
BRDA:110,24,0,1
BRDA:118,25,0,1
BRDA:132,26,0,6
BRDA:138,27,0,2
BRDA:139,28,0,4
BRDA:139,29,0,2
BRDA:141,30,0,2
BRDA:144,31,0,4
BRDA:146,32,0,7
BRDA:151,33,0,0
BRDA:151,34,0,0
BRDA:152,35,0,0
BRDA:164,36,0,2
BRDA:166,37,0,1
BRDA:166,38,0,1
BRDA:177,39,0,1
BRDA:179,40,0,0
BRDA:183,41,0,5
BRDA:185,42,0,0
BRDA:186,43,0,1
BRDA:189,44,0,4
BRDA:190,45,0,6
BRDA:196,46,0,0
BRDA:199,47,0,0
BRDA:206,48,0,4
BRDA:207,49,0,1
BRDA:208,50,0,3
BRDA:208,51,0,1
BRDA:208,52,0,6
BRDA:208,53,0,5
BRDA:208,54,0,0
BRDA:219,55,0,1
BRDA:230,56,0,1
BRDA:232,57,0,0
BRDA:238,58,0,0
BRDA:238,59,0,0
BRDA:242,60,0,0
BRDA:243,61,0,0
BRDA:247,62,0,1
BRDA:251,63,0,0
BRDA:255,64,0,2
BRDA:258,65,0,2
BRDA:259,66,0,0
BRDA:260,67,0,0
BRDA:264,68,0,0
BRDA:265,69,0,0
BRDA:267,70,0,1
BRDA:267,71,0,1
BRDA:269,72,0,1
BRDA:269,73,0,1
BRDA:270,74,0,0
BRDA:271,75,0,0
BRDA:272,76,0,0
BRDA:273,77,0,0
BRDA:274,78,0,0
BRDA:260,79,0,2
BRDA:272,80,0,2
BRDA:295,81,0,1
BRDA:296,82,0,0
BRDA:302,83,0,5
BRDA:324,84,0,4
BRDA:325,85,0,0
BRDA:328,86,0,1
BRDA:331,87,0,3
BRDA:334,88,0,0
BRDA:334,89,0,3
BRDA:364,90,0,2
BRDA:375,91,0,3
BRDA:389,92,0,0
BRDA:398,93,0,0
BRDA:402,94,0,0
BRDA:405,95,0,3
BRF:96
BRH:61
DA:1,1
DA:2,1
DA:3,1
DA:4,1
DA:5,1
DA:6,1
DA:7,1
DA:8,1
DA:9,1
DA:10,1
DA:11,1
DA:12,1
DA:13,1
DA:14,1
DA:15,1
DA:16,1
DA:17,1
DA:18,1
DA:19,1
DA:20,1
DA:21,1
DA:22,1
DA:23,1
DA:24,1
DA:25,0
DA:26,0
DA:27,1
DA:28,9
DA:29,9
DA:30,9
DA:31,9
DA:32,9
DA:33,9
DA:34,1
DA:35,9
DA:36,9
DA:37,9
DA:38,9
DA:39,9
DA:40,9
DA:41,9
DA:42,9
DA:43,9
DA:44,1
DA:45,1
DA:46,0
DA:47,0
DA:48,0
DA:49,0
DA:50,0
DA:51,0
DA:52,1
DA:53,1
DA:54,1
DA:55,0
DA:56,0
DA:57,0
DA:58,0
DA:59,0
DA:60,1
DA:61,1
DA:62,1
DA:63,9
DA:64,9
DA:65,9
DA:66,9
DA:67,9
DA:68,9
DA:69,9
DA:70,9
DA:71,9
DA:72,9
DA:73,9
DA:74,9
DA:75,9
DA:76,9
DA:77,9
DA:78,9
DA:79,9
DA:80,9
DA:81,0
DA:82,0
DA:83,0
DA:84,9
DA:85,9
DA:86,32
DA:87,32
DA:88,32
DA:89,32
DA:90,32
DA:91,32
DA:92,16
DA:93,16
DA:94,32
DA:95,32
DA:96,32
DA:97,32
DA:98,9
DA:99,9
DA:100,1
DA:101,1
DA:102,1
DA:103,1
DA:104,1
DA:105,1
DA:106,1
DA:107,1
DA:108,2
DA:109,2
DA:110,2
DA:111,1
DA:112,1
DA:113,1
DA:114,2
DA:115,2
DA:116,1
DA:117,1
DA:118,1
DA:119,1
DA:120,1
DA:121,1
DA:122,1
DA:123,1
DA:124,1
DA:125,0
DA:126,0
DA:127,0
DA:128,0
DA:129,0
DA:130,1
DA:131,1
DA:132,1
DA:133,6
DA:134,6
DA:135,6
DA:136,6
DA:137,6
DA:138,6
DA:139,6
DA:140,6
DA:141,6
DA:142,2
DA:143,2
DA:144,2
DA:145,4
DA:146,4
DA:147,7
DA:148,7
DA:149,7
DA:150,7
DA:151,7
DA:152,7
DA:153,7
DA:154,7
DA:155,7
DA:156,7
DA:157,7
DA:158,7
DA:159,7
DA:160,4
DA:161,4
DA:162,1
DA:163,1
DA:164,1
DA:165,2
DA:166,2
DA:167,2
DA:168,2
DA:169,1
DA:170,1
DA:171,1
DA:172,1
DA:173,1
DA:174,1
DA:175,1
DA:176,1
DA:177,1
DA:178,1
DA:179,1
DA:180,1
DA:181,1
DA:182,1
DA:183,5
DA:184,5
DA:185,5
DA:186,5
DA:187,1
DA:188,1
DA:189,1
DA:190,4
DA:191,6
DA:192,6
DA:193,6
DA:194,6
DA:195,6
DA:196,6
DA:197,6
DA:198,6
DA:199,6
DA:200,6
DA:201,6
DA:202,6
DA:203,4
DA:204,5
DA:205,1
DA:206,1
DA:207,4
DA:208,4
DA:209,4
DA:210,1
DA:211,1
DA:212,1
DA:213,1
DA:214,1
DA:215,0
DA:216,0
DA:217,1
DA:218,1
DA:219,1
DA:220,1
DA:221,1
DA:222,1
DA:223,1
DA:224,1
DA:225,1
DA:226,1
DA:227,1
DA:228,1
DA:229,1
DA:230,1
DA:231,1
DA:232,1
DA:233,1
DA:234,1
DA:235,1
DA:236,1
DA:237,1
DA:238,1
DA:239,1
DA:240,1
DA:241,1
DA:242,1
DA:243,1
DA:244,1
DA:245,1
DA:246,1
DA:247,1
DA:248,1
DA:249,1
DA:250,1
DA:251,1
DA:252,0
DA:253,0
DA:254,0
DA:255,1
DA:256,1
DA:257,1
DA:258,2
DA:259,2
DA:260,2
DA:261,2
DA:262,2
DA:263,2
DA:264,2
DA:265,2
DA:266,2
DA:267,2
DA:268,2
DA:269,2
DA:270,2
DA:271,2
DA:272,2
DA:273,2
DA:274,2
DA:275,2
DA:276,2
DA:277,2
DA:278,1
DA:279,1
DA:280,0
DA:281,0
DA:282,0
DA:283,0
DA:284,0
DA:285,1
DA:286,1
DA:287,1
DA:288,0
DA:289,0
DA:290,0
DA:291,1
DA:292,1
DA:293,1
DA:294,1
DA:295,1
DA:296,1
DA:297,1
DA:298,1
DA:299,1
DA:300,1
DA:301,1
DA:302,1
DA:303,5
DA:304,5
DA:305,1
DA:306,1
DA:307,1
DA:308,1
DA:309,1
DA:310,1
DA:311,1
DA:312,0
DA:313,0
DA:314,1
DA:315,1
DA:316,1
DA:317,0
DA:318,1
DA:319,1
DA:320,1
DA:321,1
DA:322,1
DA:323,1
DA:324,1
DA:325,4
DA:326,4
DA:327,4
DA:328,4
DA:329,1
DA:330,1
DA:331,1
DA:332,3
DA:333,3
DA:334,4
DA:335,3
DA:336,3
DA:337,3
DA:338,3
DA:339,3
DA:340,3
DA:341,3
DA:342,3
DA:343,3
DA:344,3
DA:345,3
DA:346,3
DA:347,3
DA:348,3
DA:349,3
DA:350,3
DA:351,3
DA:352,3
DA:353,3
DA:354,3
DA:355,3
DA:356,3
DA:357,3
DA:358,3
DA:359,3
DA:360,3
DA:361,3
DA:362,4
DA:363,4
DA:364,4
DA:365,2
DA:366,2
DA:367,2
DA:368,2
DA:369,2
DA:370,2
DA:371,2
DA:372,2
DA:373,2
DA:374,2
DA:375,2
DA:376,3
DA:377,3
DA:378,3
DA:379,3
DA:380,3
DA:381,3
DA:382,3
DA:383,3
DA:384,3
DA:385,3
DA:386,3
DA:387,3
DA:388,3
DA:389,3
DA:390,3
DA:391,3
DA:392,3
DA:393,3
DA:394,3
DA:395,3
DA:396,3
DA:397,3
DA:398,3
DA:399,0
DA:400,0
DA:401,0
DA:402,4
DA:403,0
DA:404,0
DA:405,4
DA:406,3
DA:407,3
DA:408,3
DA:409,3
DA:410,3
DA:411,3
DA:412,1
DA:413,1
DA:414,1
DA:415,1
DA:416,1
DA:417,1
LH:375
LF:417
end_of_record
SF:assets\js\app.js
FNF:0
FNH:0
BRDA:1,0,0,5
BRF:1
BRH:1
DA:1,5
DA:2,5
DA:3,5
DA:4,5
DA:5,5
DA:6,5
DA:7,5
DA:8,5
DA:9,5
DA:10,5
DA:11,5
DA:12,5
DA:13,5
DA:14,5
DA:15,5
DA:16,5
DA:17,5
DA:18,5
DA:19,5
DA:20,5
LH:20
LF:20
end_of_record
SF:assets\js\modules\api.js
FN:12,enPortal
FN:14,baseTablas
FN:16,cabeceras
FN:26,sbRpc
FN:56,sbGet
FN:78,sbPost
FN:95,sbUpsert
FN:108,sbPatch
FN:118,authLogin
FN:42,anonymous_9
FN:85,anonymous_10
FNDA:66,enPortal
FNDA:33,baseTablas
FNDA:33,cabeceras
FNDA:45,sbRpc
FNDA:26,sbGet
FNDA:2,sbPost
FNDA:0,sbUpsert
FNDA:8,sbPatch
FNDA:3,authLogin
FNDA:0,anonymous_9
FNDA:0,anonymous_10
FNF:11
FNH:8
BRDA:1,0,0,7
BRDA:12,1,0,66
BRDA:14,2,0,33
BRDA:14,3,0,0
BRDA:16,4,0,33
BRDA:19,5,0,0
BRDA:26,6,0,45
BRDA:30,7,0,0
BRDA:39,8,0,0
BRDA:43,9,0,0
BRDA:43,10,0,0
BRDA:56,11,0,26
BRDA:60,12,0,19
BRDA:62,13,0,3
BRDA:63,14,0,23
BRDA:67,15,0,16
BRDA:67,16,0,7
BRDA:68,17,0,23
BRDA:71,18,0,16
BRDA:71,19,0,16
BRDA:71,20,0,23
BRDA:78,21,0,2
BRDA:108,22,0,8
BRDA:118,23,0,3
BRF:24
BRH:18
DA:1,7
DA:2,7
DA:3,7
DA:4,7
DA:5,7
DA:6,7
DA:7,7
DA:8,7
DA:9,7
DA:10,7
DA:11,7
DA:12,7
DA:13,7
DA:14,7
DA:15,7
DA:16,33
DA:17,33
DA:18,33
DA:19,33
DA:20,0
DA:21,33
DA:22,7
DA:23,7
DA:24,7
DA:25,7
DA:26,7
DA:27,45
DA:28,45
DA:29,45
DA:30,45
DA:31,0
DA:32,0
DA:33,0
DA:34,45
DA:35,45
DA:36,45
DA:37,45
DA:38,45
DA:39,45
DA:40,45
DA:41,45
DA:42,45
DA:43,45
DA:44,45
DA:45,45
DA:46,7
DA:47,7
DA:48,7
DA:49,7
DA:50,7
DA:51,7
DA:52,7
DA:53,7
DA:54,7
DA:55,7
DA:56,7
DA:57,26
DA:58,26
DA:59,26
DA:60,26
DA:61,19
DA:62,19
DA:63,19
DA:64,23
DA:65,23
DA:66,23
DA:67,26
DA:68,26
DA:69,23
DA:70,23
DA:71,26
DA:72,23
DA:73,26
DA:74,7
DA:75,7
DA:76,7
DA:77,7
DA:78,7
DA:79,2
DA:80,2
DA:81,2
DA:82,2
DA:83,2
DA:84,2
DA:85,2
DA:86,2
DA:87,7
DA:88,7
DA:89,7
DA:90,7
DA:91,7
DA:92,7
DA:93,7
DA:94,7
DA:95,7
DA:96,0
DA:97,0
DA:98,0
DA:99,0
DA:100,0
DA:101,0
DA:102,0
DA:103,0
DA:104,0
DA:105,0
DA:106,0
DA:107,7
DA:108,7
DA:109,8
DA:110,8
DA:111,8
DA:112,8
DA:113,8
DA:114,8
DA:115,8
DA:116,8
DA:117,7
DA:118,7
DA:119,3
DA:120,3
DA:121,3
DA:122,3
DA:123,3
DA:124,3
DA:125,3
DA:126,3
LH:111
LF:126
end_of_record
SF:assets\js\modules\auth.js
FN:7,setRole
FN:15,loginDoctora
FN:53,loginPaciente
FN:105,consultarEstado
FN:171,logout
FN:149,anonymous_5
FNDA:0,setRole
FNDA:5,loginDoctora
FNDA:15,loginPaciente
FNDA:7,consultarEstado
FNDA:0,logout
FNDA:2,anonymous_5
FNF:6
FNH:4
BRDA:1,0,0,5
BRDA:15,1,0,5
BRDA:18,2,0,1
BRDA:21,3,0,4
BRDA:22,4,0,1
BRDA:25,5,0,3
BRDA:32,6,0,1
BRDA:37,7,0,2
BRDA:42,8,0,1
BRDA:53,9,0,15
BRDA:59,10,0,5
BRDA:59,11,0,4
BRDA:59,12,0,3
BRDA:59,13,0,5
BRDA:62,14,0,2
BRDA:88,15,0,2
BRDA:83,16,0,0
BRDA:105,17,0,7
BRDA:107,18,0,1
BRDA:128,19,0,1
BRDA:107,20,0,1
BRDA:110,21,0,4
BRDA:121,22,0,0
BRDA:123,23,0,0
BRDA:128,24,0,4
BRDA:130,25,0,2
BRDA:149,26,0,2
BRDA:150,27,0,0
BRDA:157,28,0,0
BRDA:159,29,0,0
BRF:30
BRH:24
DA:1,5
DA:2,5
DA:3,5
DA:4,5
DA:5,5
DA:6,5
DA:7,5
DA:8,0
DA:9,0
DA:10,0
DA:11,0
DA:12,0
DA:13,0
DA:14,5
DA:15,5
DA:16,5
DA:17,5
DA:18,5
DA:19,1
DA:20,1
DA:21,1
DA:22,5
DA:23,1
DA:24,1
DA:25,1
DA:26,3
DA:27,3
DA:28,3
DA:29,3
DA:30,3
DA:31,3
DA:32,5
DA:33,1
DA:34,1
DA:35,1
DA:36,1
DA:37,1
DA:38,2
DA:39,2
DA:40,2
DA:41,2
DA:42,5
DA:43,1
DA:44,1
DA:45,1
DA:46,1
DA:47,1
DA:48,1
DA:49,1
DA:50,1
DA:51,5
DA:52,5
DA:53,5
DA:54,15
DA:55,15
DA:56,15
DA:57,15
DA:58,15
DA:59,15
DA:60,5
DA:61,5
DA:62,5
DA:63,2
DA:64,2
DA:65,2
DA:66,2
DA:67,2
DA:68,2
DA:69,2
DA:70,2
DA:71,2
DA:72,2
DA:73,2
DA:74,2
DA:75,2
DA:76,2
DA:77,2
DA:78,2
DA:79,2
DA:80,2
DA:81,2
DA:82,2
DA:83,15
DA:84,0
DA:85,0
DA:86,0
DA:87,0
DA:88,0
DA:89,2
DA:90,2
DA:91,2
DA:92,2
DA:93,2
DA:94,2
DA:95,2
DA:96,2
DA:97,2
DA:98,2
DA:99,2
DA:100,2
DA:101,2
DA:102,2
DA:103,15
DA:104,5
DA:105,5
DA:106,7
DA:107,7
DA:108,1
DA:109,1
DA:110,1
DA:111,4
DA:112,4
DA:113,4
DA:114,4
DA:115,4
DA:116,4
DA:117,4
DA:118,4
DA:119,4
DA:120,4
DA:121,7
DA:122,7
DA:123,7
DA:124,0
DA:125,0
DA:126,0
DA:127,0
DA:128,0
DA:129,4
DA:130,1
DA:131,2
DA:132,2
DA:133,2
DA:134,2
DA:135,2
DA:136,2
DA:137,2
DA:138,2
DA:139,2
DA:140,2
DA:141,2
DA:142,2
DA:143,2
DA:144,2
DA:145,2
DA:146,2
DA:147,2
DA:148,2
DA:149,2
DA:150,2
DA:151,2
DA:152,2
DA:153,2
DA:154,2
DA:155,2
DA:156,2
DA:157,2
DA:158,2
DA:159,2
DA:160,2
DA:161,2
DA:162,2
DA:163,2
DA:164,2
DA:165,2
DA:166,7
DA:167,5
DA:168,5
DA:169,5
DA:170,5
DA:171,5
DA:172,0
DA:173,0
DA:174,0
DA:175,0
DA:176,0
DA:177,0
DA:178,0
DA:179,0
DA:180,0
DA:181,0
DA:182,0
DA:183,0
DA:184,0
DA:185,5
DA:186,5
DA:187,5
DA:188,5
DA:189,5
DA:190,5
DA:191,5
LH:162
LF:191
end_of_record
SF:assets\js\modules\cache.js
FN:23,clave
FN:29,leer
FN:44,guardar
FN:50,invalidar
FN:60,limpiar
FN:66,estado
FN:53,anonymous_6
FNDA:74,clave
FNDA:41,leer
FNDA:35,guardar
FNDA:25,invalidar
FNDA:14,limpiar
FNDA:2,estado
FNDA:29,anonymous_6
FNF:7
FNH:7
BRDA:1,0,0,8
BRDA:23,1,0,74
BRDA:29,2,0,41
BRDA:31,3,0,26
BRDA:34,4,0,15
BRDA:35,5,0,2
BRDA:39,6,0,13
BRDA:44,7,0,35
BRDA:50,8,0,15
BRDA:51,9,0,1
BRDA:52,10,0,25
BRDA:53,11,0,16
BRDA:60,12,0,14
BRDA:66,13,0,2
BRDA:71,14,0,0
BRDA:53,15,0,29
BRF:16
BRH:15
DA:1,8
DA:2,8
DA:3,8
DA:4,8
DA:5,8
DA:6,8
DA:7,8
DA:8,8
DA:9,8
DA:10,8
DA:11,8
DA:12,8
DA:13,8
DA:14,8
DA:15,8
DA:16,8
DA:17,8
DA:18,8
DA:19,8
DA:20,8
DA:21,8
DA:22,8
DA:23,8
DA:24,74
DA:25,74
DA:26,8
DA:27,8
DA:28,8
DA:29,8
DA:30,41
DA:31,41
DA:32,26
DA:33,26
DA:34,26
DA:35,41
DA:36,2
DA:37,2
DA:38,2
DA:39,2
DA:40,13
DA:41,13
DA:42,41
DA:43,8
DA:44,8
DA:45,35
DA:46,35
DA:47,8
DA:48,8
DA:49,8
DA:50,8
DA:51,15
DA:52,15
DA:53,25
DA:54,16
DA:55,16
DA:56,16
DA:57,25
DA:58,15
DA:59,8
DA:60,8
DA:61,14
DA:62,14
DA:63,8
DA:64,8
DA:65,8
DA:66,8
DA:67,2
DA:68,2
DA:69,2
DA:70,2
DA:71,2
DA:72,2
DA:73,2
LH:73
LF:73
end_of_record
SF:assets\js\modules\config.js
FNF:0
FNH:0
BRDA:1,0,0,7
BRF:1
BRH:1
DA:1,7
DA:2,7
DA:3,7
DA:4,7
DA:5,7
DA:6,7
DA:7,7
DA:8,7
DA:9,7
LH:9
LF:9
end_of_record
SF:assets\js\modules\patient.js
FN:11,setPacienteData
FN:15,resetSeleccion
FN:20,setPaso
FN:29,obtenerDiasSemana
FN:46,formatoFechaKey
FN:53,formatoFechaLabel
FN:57,esPasado
FN:63,renderDias
FN:90,selDia
FN:98,cambiarSemana
FN:125,cargarSlotsDia
FN:172,selSlot
FN:179,irPaso1
FN:185,irPaso2
FN:199,irPaso3
FN:214,enviarSolicitud
FN:276,nuevaCita
FN:21,anonymous_17
FN:68,anonymous_18
FN:137,anonymous_19
FN:143,anonymous_20
FN:230,mostrarConfirmacion
FNDA:10,setPacienteData
FNDA:13,resetSeleccion
FNDA:20,setPaso
FNDA:190,obtenerDiasSemana
FNDA:180,formatoFechaKey
FNDA:156,formatoFechaLabel
FNDA:158,esPasado
FNDA:31,renderDias
FNDA:16,selDia
FNDA:5,cambiarSemana
FNDA:23,cargarSlotsDia
FNDA:11,selSlot
FNDA:1,irPaso1
FNDA:2,irPaso2
FNDA:2,irPaso3
FNDA:8,enviarSolicitud
FNDA:0,nuevaCita
FNDA:80,anonymous_17
FNDA:155,anonymous_18
FNDA:26,anonymous_19
FNDA:198,anonymous_20
FNDA:5,mostrarConfirmacion
FNF:22
FNH:21
BRDA:1,0,0,6
BRDA:11,1,0,10
BRDA:12,2,0,0
BRDA:15,3,0,13
BRDA:20,4,0,20
BRDA:29,5,0,38
BRDA:38,6,0,190
BRDA:32,7,0,0
BRDA:46,8,0,180
BRDA:53,9,0,156
BRDA:57,10,0,158
BRDA:63,11,0,31
BRDA:90,12,0,16
BRDA:98,13,0,5
BRDA:99,14,0,1
BRDA:99,15,0,4
BRDA:106,16,0,2
BRDA:116,17,0,4
BRDA:119,18,0,2
BRDA:119,19,0,2
BRDA:119,20,0,0
BRDA:120,21,0,4
BRDA:125,22,0,23
BRDA:137,23,0,0
BRDA:172,24,0,11
BRDA:179,25,0,1
BRDA:185,26,0,2
BRDA:186,27,0,1
BRDA:199,28,0,2
BRDA:200,29,0,1
BRDA:214,30,0,8
BRDA:262,31,0,4
BRDA:262,32,0,5
BRDA:264,33,0,2
BRDA:268,34,0,0
BRDA:21,35,0,80
BRDA:68,36,0,155
BRDA:72,37,0,80
BRDA:75,38,0,58
BRDA:75,39,0,97
BRDA:76,40,0,3
BRDA:76,41,0,18
BRDA:79,42,0,58
BRDA:79,43,0,97
BRDA:82,44,0,29
BRDA:82,45,0,126
BRDA:137,46,0,26
BRDA:143,47,0,198
BRDA:147,48,0,18
BRDA:149,49,0,6
BRDA:150,50,0,4
BRDA:150,51,0,2
BRDA:151,52,0,14
BRDA:157,53,0,172
BRDA:161,54,0,10
BRDA:161,55,0,89
BRDA:162,56,0,24
BRDA:162,57,0,164
BRDA:163,58,0,8
BRDA:163,59,0,156
BRDA:166,60,0,164
BRDA:166,61,0,34
BRDA:230,62,0,5
BRF:63
BRH:58
DA:1,6
DA:2,6
DA:3,6
DA:4,6
DA:5,6
DA:6,6
DA:7,6
DA:8,6
DA:9,6
DA:10,6
DA:11,6
DA:12,10
DA:13,10
DA:14,6
DA:15,6
DA:16,13
DA:17,13
DA:18,13
DA:19,6
DA:20,6
DA:21,20
DA:22,80
DA:23,80
DA:24,80
DA:25,80
DA:26,20
DA:27,20
DA:28,6
DA:29,6
DA:30,38
DA:31,38
DA:32,38
DA:33,38
DA:34,38
DA:35,38
DA:36,38
DA:37,38
DA:38,38
DA:39,190
DA:40,190
DA:41,190
DA:42,190
DA:43,38
DA:44,38
DA:45,6
DA:46,6
DA:47,180
DA:48,180
DA:49,180
DA:50,180
DA:51,180
DA:52,6
DA:53,6
DA:54,156
DA:55,156
DA:56,6
DA:57,6
DA:58,158
DA:59,158
DA:60,158
DA:61,158
DA:62,6
DA:63,6
DA:64,31
DA:65,31
DA:66,31
DA:67,31
DA:68,31
DA:69,155
DA:70,155
DA:71,155
DA:72,155
DA:73,155
DA:74,155
DA:75,155
DA:76,97
DA:77,18
DA:78,155
DA:79,155
DA:80,155
DA:81,155
DA:82,155
DA:83,155
DA:84,31
DA:85,31
DA:86,31
DA:87,31
DA:88,31
DA:89,6
DA:90,6
DA:91,16
DA:92,16
DA:93,16
DA:94,16
DA:95,16
DA:96,16
DA:97,6
DA:98,6
DA:99,5
DA:100,4
DA:101,4
DA:102,4
DA:103,4
DA:104,4
DA:105,4
DA:106,5
DA:107,2
DA:108,2
DA:109,2
DA:110,2
DA:111,2
DA:112,2
DA:113,2
DA:114,2
DA:115,2
DA:116,2
DA:117,4
DA:118,4
DA:119,4
DA:120,4
DA:121,4
DA:122,4
DA:123,5
DA:124,6
DA:125,6
DA:126,23
DA:127,23
DA:128,23
DA:129,23
DA:130,23
DA:131,23
DA:132,23
DA:133,23
DA:134,23
DA:135,23
DA:136,23
DA:137,23
DA:138,23
DA:139,23
DA:140,23
DA:141,23
DA:142,23
DA:143,23
DA:144,198
DA:145,198
DA:146,198
DA:147,198
DA:148,18
DA:149,18
DA:150,18
DA:151,18
DA:152,18
DA:153,18
DA:154,18
DA:155,18
DA:156,198
DA:157,198
DA:158,198
DA:159,198
DA:160,198
DA:161,198
DA:162,89
DA:163,164
DA:164,156
DA:165,198
DA:166,198
DA:167,23
DA:168,23
DA:169,23
DA:170,23
DA:171,6
DA:172,6
DA:173,11
DA:174,11
DA:175,11
DA:176,11
DA:177,11
DA:178,6
DA:179,6
DA:180,1
DA:181,1
DA:182,1
DA:183,1
DA:184,6
DA:185,6
DA:186,2
DA:187,1
DA:188,1
DA:189,1
DA:190,1
DA:191,1
DA:192,1
DA:193,1
DA:194,1
DA:195,1
DA:196,1
DA:197,2
DA:198,6
DA:199,6
DA:200,2
DA:201,1
DA:202,1
DA:203,1
DA:204,1
DA:205,1
DA:206,1
DA:207,1
DA:208,1
DA:209,1
DA:210,1
DA:211,1
DA:212,2
DA:213,6
DA:214,6
DA:215,8
DA:216,8
DA:217,8
DA:218,8
DA:219,8
DA:220,8
DA:221,8
DA:222,8
DA:223,8
DA:224,8
DA:225,8
DA:226,8
DA:227,8
DA:228,8
DA:229,8
DA:230,8
DA:231,5
DA:232,5
DA:233,5
DA:234,5
DA:235,5
DA:236,5
DA:237,5
DA:238,5
DA:239,5
DA:240,5
DA:241,8
DA:242,8
DA:243,8
DA:244,8
DA:245,8
DA:246,8
DA:247,8
DA:248,8
DA:249,8
DA:250,8
DA:251,8
DA:252,8
DA:253,8
DA:254,8
DA:255,8
DA:256,8
DA:257,8
DA:258,8
DA:259,8
DA:260,8
DA:261,8
DA:262,8
DA:263,5
DA:264,8
DA:265,2
DA:266,2
DA:267,2
DA:268,2
DA:269,0
DA:270,0
DA:271,8
DA:272,8
DA:273,8
DA:274,8
DA:275,6
DA:276,6
DA:277,0
DA:278,0
DA:279,0
DA:280,0
DA:281,0
DA:282,0
DA:283,0
DA:284,6
DA:285,6
DA:286,6
DA:287,6
DA:288,6
DA:289,6
DA:290,6
DA:291,6
DA:292,6
DA:293,6
LH:284
LF:293
end_of_record
SF:assets\js\modules\sesion.js
FN:10,abrirSesion
FN:20,cerrarSesion
FN:29,haySesion
FNDA:2,abrirSesion
FNDA:2,cerrarSesion
FNDA:3,haySesion
FNF:3
FNH:3
BRDA:1,0,0,6
BRDA:10,1,0,2
BRDA:20,2,0,2
BRDA:22,3,0,1
BRDA:29,4,0,3
BRDA:31,5,0,2
BRDA:33,6,0,1
BRF:7
BRH:7
DA:1,6
DA:2,6
DA:3,6
DA:4,6
DA:5,6
DA:6,6
DA:7,6
DA:8,6
DA:9,6
DA:10,6
DA:11,2
DA:12,2
DA:13,2
DA:14,2
DA:15,2
DA:16,2
DA:17,2
DA:18,2
DA:19,6
DA:20,6
DA:21,2
DA:22,2
DA:23,1
DA:24,1
DA:25,1
DA:26,2
DA:27,2
DA:28,6
DA:29,6
DA:30,3
DA:31,3
DA:32,2
DA:33,3
DA:34,1
DA:35,1
DA:36,3
LH:36
LF:36
end_of_record
SF:assets\js\modules\utils.js
FN:1,notif
FN:9,showError
FN:16,hideError
FN:21,showScreen
FN:33,escapar
FN:37,labelEstado
FN:47,iniciales
FN:51,fechaHoy
FN:55,horaAhora
FN:6,anonymous_9
FN:22,anonymous_10
FN:34,anonymous_11
FN:48,anonymous_12
FNDA:11,notif
FNDA:14,showError
FNDA:18,hideError
FNDA:14,showScreen
FNDA:247,escapar
FNDA:38,labelEstado
FNDA:12,iniciales
FNDA:4,fechaHoy
FNDA:3,horaAhora
FNDA:11,anonymous_9
FNDA:0,anonymous_10
FNDA:28,anonymous_11
FNDA:23,anonymous_12
FNF:13
FNH:12
BRDA:1,0,0,7
BRDA:1,1,0,11
BRDA:3,2,0,0
BRDA:9,3,0,14
BRDA:11,4,0,0
BRDA:16,5,0,18
BRDA:21,6,0,14
BRDA:33,7,0,247
BRDA:34,8,0,0
BRDA:37,9,0,38
BRDA:44,10,0,1
BRDA:47,11,0,12
BRDA:48,12,0,2
BRDA:51,13,0,4
BRDA:55,14,0,3
BRDA:6,15,0,11
BRDA:34,16,0,28
BRDA:48,17,0,23
BRF:18
BRH:15
DA:1,7
DA:2,11
DA:3,11
DA:4,11
DA:5,11
DA:6,11
DA:7,11
DA:8,7
DA:9,7
DA:10,14
DA:11,14
DA:12,14
DA:13,14
DA:14,14
DA:15,7
DA:16,7
DA:17,18
DA:18,18
DA:19,18
DA:20,7
DA:21,7
DA:22,14
DA:23,14
DA:24,14
DA:25,14
DA:26,7
DA:27,7
DA:28,7
DA:29,7
DA:30,7
DA:31,7
DA:32,7
DA:33,7
DA:34,247
DA:35,247
DA:36,7
DA:37,7
DA:38,38
DA:39,38
DA:40,38
DA:41,38
DA:42,38
DA:43,38
DA:44,38
DA:45,38
DA:46,7
DA:47,7
DA:48,12
DA:49,12
DA:50,7
DA:51,7
DA:52,4
DA:53,4
DA:54,7
DA:55,7
DA:56,3
DA:57,3
LH:57
LF:57
end_of_record
